#
# There is insufficient memory for the Java Runtime Environment to continue.
# Native memory allocation (malloc) failed to allocate 674176 bytes for Chunk::new
# Possible reasons:
#   The system is out of physical RAM or swap space
#   The process is running with CompressedOops enabled, and the Java Heap may be blocking the growth of the native heap
# Possible solutions:
#   Reduce memory load on the system
#   Increase physical memory or swap space
#   Check if swap backing store is full
#   Decrease Java heap size (-Xmx/-Xms)
#   Decrease number of Java threads
#   Decrease Java thread stack sizes (-Xss)
#   Set larger code cache with -XX:ReservedCodeCacheSize=
#   JVM is running with Unscaled Compressed Oops mode in which the Java heap is
#     placed in the first 4GB address space. The Java Heap base address is the
#     maximum limit for the native heap growth. Please use -XX:HeapBaseMinAddress
#     to set the Java Heap base and to place the Java Heap above 4GB virtual address.
# This output file may be truncated or incomplete.
#
#  Out of Memory Error (allocation.cpp:389), pid=4660, tid=0x0000000000000ae4
#
# JRE version: OpenJDK Runtime Environment (8.0_242-b01) (build 1.8.0_242-release-1644-b01)
# Java VM: OpenJDK 64-Bit Server VM (25.242-b01 mixed mode windows-amd64 compressed oops)
# Failed to write core dump. Minidumps are not enabled by default on client versions of Windows
#

---------------  T H R E A D  ---------------

Current thread (0x000000001a048800):  JavaThread "C2 CompilerThread2" daemon [_thread_in_native, id=2788, stack(0x000000001ab20000,0x000000001ac20000)]

Stack: [0x000000001ab20000,0x000000001ac20000]
[error occurred during error reporting (printing stack bounds), id 0xc0000005]

Native frames: (J=compiled Java code, j=interpreted, Vv=VM code, C=native code)


Current CompileTask:
C2:   1527 1513       4       com.sun.nio.zipfs.ZipFileSystem::addToTree (119 bytes)


---------------  P R O C E S S  ---------------

Java Threads: ( => current thread )
  0x000000001a0e9800 JavaThread "Service Thread" daemon [_thread_blocked, id=10044, stack(0x000000001ad20000,0x000000001ae20000)]
  0x000000001a05b800 JavaThread "C1 CompilerThread3" daemon [_thread_in_native, id=4620, stack(0x000000001ac20000,0x000000001ad20000)]
=>0x000000001a048800 JavaThread "C2 CompilerThread2" daemon [_thread_in_native, id=2788, stack(0x000000001ab20000,0x000000001ac20000)]
  0x000000001a047800 JavaThread "C2 CompilerThread1" daemon [_thread_blocked, id=7356, stack(0x000000001aa20000,0x000000001ab20000)]
  0x000000001a040800 JavaThread "C2 CompilerThread0" daemon [_thread_blocked, id=3520, stack(0x000000001a920000,0x000000001aa20000)]
  0x000000001a03f800 JavaThread "Attach Listener" daemon [_thread_blocked, id=10808, stack(0x000000001a820000,0x000000001a920000)]
  0x000000001a03e000 JavaThread "Signal Dispatcher" daemon [_thread_blocked, id=9304, stack(0x000000001a720000,0x000000001a820000)]
  0x0000000018220800 JavaThread "Finalizer" daemon [_thread_blocked, id=12260, stack(0x000000001a510000,0x000000001a610000)]
  0x0000000003239000 JavaThread "Reference Handler" daemon [_thread_blocked, id=6816, stack(0x000000001a410000,0x000000001a510000)]
  0x0000000003142800 JavaThread "main" [_thread_in_Java, id=7048, stack(0x0000000003040000,0x0000000003140000)]

Other Threads:
  0x0000000018216000 VMThread [stack: 0x0000000019f10000,0x000000001a010000] [id=756]
  0x000000001a0ea800 WatcherThread [stack: 0x000000001ae20000,0x000000001af20000] [id=2832]

VM state:not at safepoint (normal execution)

VM Mutex/Monitor currently owned by a thread: None

heap address: 0x0000000081000000, size: 2032 MB, Compressed Oops mode: 32-bit
Narrow klass base: 0x0000000000000000, Narrow klass shift: 3
Compressed class space size: 1073741824 Address: 0x0000000100000000

Heap:
 PSYoungGen      total 38400K, used 20807K [0x00000000d5b00000, 0x00000000d8580000, 0x0000000100000000)
  eden space 33280K, 47% used [0x00000000d5b00000,0x00000000d6a59fc8,0x00000000d7b80000)
  from space 5120K, 99% used [0x00000000d8080000,0x00000000d8578020,0x00000000d8580000)
  to   space 5120K, 0% used [0x00000000d7b80000,0x00000000d7b80000,0x00000000d8080000)
 ParOldGen       total 87552K, used 7790K [0x0000000081000000, 0x0000000086580000, 0x00000000d5b00000)
  object space 87552K, 8% used [0x0000000081000000,0x000000008179b958,0x0000000086580000)
 Metaspace       used 19230K, capacity 19610K, committed 19840K, reserved 1067008K
  class space    used 2192K, capacity 2307K, committed 2432K, reserved 1048576K

Card table byte_map: [0x0000000012600000,0x0000000012a00000] byte_map_base: 0x00000000121f8000

Marking Bits: (ParMarkBitMap*) 0x0000000061e4f030
 Begin Bits: [0x00000000134b0000, 0x0000000015470000)
 End Bits:   [0x0000000015470000, 0x0000000017430000)

Polling page: 0x0000000002f60000

CodeCache: size=245760Kb used=4889Kb max_used=4889Kb free=240870Kb
 bounds [0x0000000003240000, 0x0000000003710000, 0x0000000012240000]
 total_blobs=1967 nmethods=1537 adapters=344
 compilation: enabled

Compilation events (10 events):
Event: 1.503 Thread 0x000000001a05b800 1524  s    3       java.util.Hashtable::get (69 bytes)
Event: 1.504 Thread 0x000000001a05b800 nmethod 1524 0x0000000003701d50 code [0x0000000003701ee0, 0x0000000003702518]
Event: 1.518 Thread 0x000000001a05b800 1525       3       java.util.Arrays::fill (28 bytes)
Event: 1.518 Thread 0x000000001a05b800 nmethod 1525 0x0000000003702c10 code [0x0000000003702d80, 0x0000000003702fe8]
Event: 1.518 Thread 0x000000001a05b800 1526       3       java.util.Arrays::rangeCheck (74 bytes)
Event: 1.519 Thread 0x000000001a047800 1527 %     4       java.util.Arrays::fill @ 10 (28 bytes)
Event: 1.519 Thread 0x000000001a05b800 nmethod 1526 0x0000000003703110 code [0x0000000003703360, 0x00000000037040a8]
Event: 1.522 Thread 0x000000001a047800 nmethod 1527% 0x0000000003707410 code [0x0000000003707560, 0x00000000037076f8]
Event: 1.522 Thread 0x000000001a05b800 1528       3       java.nio.CharBuffer::arrayOffset (35 bytes)
Event: 1.523 Thread 0x000000001a05b800 nmethod 1528 0x0000000003706e90 code [0x0000000003707020, 0x0000000003707318]

GC Heap History (4 events):
Event: 0.761 GC heap before
{Heap before GC invocations=1 (full 0):
 PSYoungGen      total 38400K, used 33280K [0x00000000d5b00000, 0x00000000d8580000, 0x0000000100000000)
  eden space 33280K, 100% used [0x00000000d5b00000,0x00000000d7b80000,0x00000000d7b80000)
  from space 5120K, 0% used [0x00000000d8080000,0x00000000d8080000,0x00000000d8580000)
  to   space 5120K, 0% used [0x00000000d7b80000,0x00000000d7b80000,0x00000000d8080000)
 ParOldGen       total 87552K, used 0K [0x0000000081000000, 0x0000000086580000, 0x00000000d5b00000)
  object space 87552K, 0% used [0x0000000081000000,0x0000000081000000,0x0000000086580000)
 Metaspace       used 10268K, capacity 10458K, committed 10624K, reserved 1058816K
  class space    used 1083K, capacity 1147K, committed 1152K, reserved 1048576K
Event: 0.767 GC heap after
Heap after GC invocations=1 (full 0):
 PSYoungGen      total 38400K, used 5103K [0x00000000d5b00000, 0x00000000d8580000, 0x0000000100000000)
  eden space 33280K, 0% used [0x00000000d5b00000,0x00000000d5b00000,0x00000000d7b80000)
  from space 5120K, 99% used [0x00000000d7b80000,0x00000000d807be80,0x00000000d8080000)
  to   space 5120K, 0% used [0x00000000d8080000,0x00000000d8080000,0x00000000d8580000)
 ParOldGen       total 87552K, used 2725K [0x0000000081000000, 0x0000000086580000, 0x00000000d5b00000)
  object space 87552K, 3% used [0x0000000081000000,0x00000000812a9428,0x0000000086580000)
 Metaspace       used 10268K, capacity 10458K, committed 10624K, reserved 1058816K
  class space    used 1083K, capacity 1147K, committed 1152K, reserved 1048576K
}
Event: 1.300 GC heap before
{Heap before GC invocations=2 (full 0):
 PSYoungGen      total 38400K, used 38383K [0x00000000d5b00000, 0x00000000d8580000, 0x0000000100000000)
  eden space 33280K, 100% used [0x00000000d5b00000,0x00000000d7b80000,0x00000000d7b80000)
  from space 5120K, 99% used [0x00000000d7b80000,0x00000000d807be80,0x00000000d8080000)
  to   space 5120K, 0% used [0x00000000d8080000,0x00000000d8080000,0x00000000d8580000)
 ParOldGen       total 87552K, used 2725K [0x0000000081000000, 0x0000000086580000, 0x00000000d5b00000)
  object space 87552K, 3% used [0x0000000081000000,0x00000000812a9428,0x0000000086580000)
 Metaspace       used 15982K, capacity 16212K, committed 16256K, reserved 1062912K
  class space    used 1819K, capacity 1900K, committed 1920K, reserved 1048576K
Event: 1.309 GC heap after
Heap after GC invocations=2 (full 0):
 PSYoungGen      total 38400K, used 5088K [0x00000000d5b00000, 0x00000000d8580000, 0x0000000100000000)
  eden space 33280K, 0% used [0x00000000d5b00000,0x00000000d5b00000,0x00000000d7b80000)
  from space 5120K, 99% used [0x00000000d8080000,0x00000000d8578020,0x00000000d8580000)
  to   space 5120K, 0% used [0x00000000d7b80000,0x00000000d7b80000,0x00000000d8080000)
 ParOldGen       total 87552K, used 7790K [0x0000000081000000, 0x0000000086580000, 0x00000000d5b00000)
  object space 87552K, 8% used [0x0000000081000000,0x000000008179b958,0x0000000086580000)
 Metaspace       used 15982K, capacity 16212K, committed 16256K, reserved 1062912K
  class space    used 1819K, capacity 1900K, committed 1920K, reserved 1048576K
}

Deoptimization events (10 events):
Event: 1.411 Thread 0x0000000003142800 Uncommon trap: reason=class_check action=maybe_recompile pc=0x00000000035ed7ec method=java.util.Collections$UnmodifiableList.get(I)Ljava/lang/Object; @ 5
Event: 1.411 Thread 0x0000000003142800 Uncommon trap: reason=class_check action=maybe_recompile pc=0x00000000035c8180 method=java.util.Collections$UnmodifiableCollection.size()I @ 4
Event: 1.411 Thread 0x0000000003142800 Uncommon trap: reason=class_check action=maybe_recompile pc=0x00000000035ed7ec method=java.util.Collections$UnmodifiableList.get(I)Ljava/lang/Object; @ 5
Event: 1.412 Thread 0x0000000003142800 Uncommon trap: reason=class_check action=maybe_recompile pc=0x00000000035c8180 method=java.util.Collections$UnmodifiableCollection.size()I @ 4
Event: 1.412 Thread 0x0000000003142800 Uncommon trap: reason=class_check action=maybe_recompile pc=0x00000000035ed7ec method=java.util.Collections$UnmodifiableList.get(I)Ljava/lang/Object; @ 5
Event: 1.412 Thread 0x0000000003142800 Uncommon trap: reason=class_check action=maybe_recompile pc=0x00000000035c8180 method=java.util.Collections$UnmodifiableCollection.size()I @ 4
Event: 1.430 Thread 0x0000000003142800 Uncommon trap: reason=unstable_if action=reinterpret pc=0x000000000346ac20 method=sun.misc.MetaIndex.mayContain(Ljava/lang/String;)Z @ 38
Event: 1.431 Thread 0x0000000003142800 Uncommon trap: reason=unstable_if action=reinterpret pc=0x00000000036a3d14 method=sun.misc.MetaIndex.mayContain(Ljava/lang/String;)Z @ 38
Event: 1.480 Thread 0x0000000003142800 Uncommon trap: reason=unstable_if action=reinterpret pc=0x00000000036f8b1c method=java.util.Arrays.equals([B[B)Z @ 2
Event: 1.501 Thread 0x0000000003142800 Uncommon trap: reason=class_check action=maybe_recompile pc=0x00000000036e0534 method=java.util.zip.InflaterInputStream.read([BII)I @ 100

Classes redefined (0 events):
No events

Internal exceptions (10 events):
Event: 0.192 Thread 0x0000000003142800 Exception <a 'java/lang/NoSuchFieldError': method resolution failed> (0x00000000d5e7bb38) thrown at [C:\src\AOSP-openjdk-git\hotspot\src\share\vm\prims\methodHandles.cpp, line 1167]
Event: 0.478 Thread 0x0000000003142800 Exception <a 'java/security/PrivilegedActionException'> (0x00000000d6b019c0) thrown at [C:\src\AOSP-openjdk-git\hotspot\src\share\vm\prims\jvm.cpp, line 1502]
Event: 0.478 Thread 0x0000000003142800 Exception <a 'java/security/PrivilegedActionException'> (0x00000000d6b01db8) thrown at [C:\src\AOSP-openjdk-git\hotspot\src\share\vm\prims\jvm.cpp, line 1502]
Event: 0.480 Thread 0x0000000003142800 Exception <a 'java/security/PrivilegedActionException'> (0x00000000d6b05f78) thrown at [C:\src\AOSP-openjdk-git\hotspot\src\share\vm\prims\jvm.cpp, line 1502]
Event: 0.480 Thread 0x0000000003142800 Exception <a 'java/security/PrivilegedActionException'> (0x00000000d6b06370) thrown at [C:\src\AOSP-openjdk-git\hotspot\src\share\vm\prims\jvm.cpp, line 1502]
Event: 0.480 Thread 0x0000000003142800 Exception <a 'java/security/PrivilegedActionException'> (0x00000000d6b07e60) thrown at [C:\src\AOSP-openjdk-git\hotspot\src\share\vm\prims\jvm.cpp, line 1502]
Event: 0.480 Thread 0x0000000003142800 Exception <a 'java/security/PrivilegedActionException'> (0x00000000d6b08258) thrown at [C:\src\AOSP-openjdk-git\hotspot\src\share\vm\prims\jvm.cpp, line 1502]
Event: 0.720 Thread 0x0000000003142800 Exception <a 'java/lang/ArrayIndexOutOfBoundsException'> (0x00000000d78edbf8) thrown at [C:\src\AOSP-openjdk-git\hotspot\src\share\vm\runtime\sharedRuntime.cpp, line 605]
Event: 0.906 Thread 0x0000000003142800 Exception <a 'java/lang/ArrayIndexOutOfBoundsException'> (0x00000000d62d1cf8) thrown at [C:\src\AOSP-openjdk-git\hotspot\src\share\vm\runtime\sharedRuntime.cpp, line 605]
Event: 1.350 Thread 0x0000000003142800 Exception <a 'java/lang/NoSuchMethodError': java.lang.Object.lambda$static$0()J> (0x00000000d5d8be60) thrown at [C:\src\AOSP-openjdk-git\hotspot\src\share\vm\interpreter\linkResolver.cpp, line 620]

Events (10 events):
Event: 1.522 loading class org/jetbrains/kotlin/org/jdom/IllegalDataException
Event: 1.522 loading class org/jetbrains/kotlin/org/jdom/IllegalDataException done
Event: 1.523 loading class org/jetbrains/kotlin/org/jdom/AttributeType
Event: 1.523 loading class org/jetbrains/kotlin/org/jdom/AttributeType done
Event: 1.523 loading class org/jetbrains/kotlin/org/jdom/Attribute
Event: 1.523 loading class org/jetbrains/kotlin/org/jdom/Attribute done
Event: 1.524 loading class org/jetbrains/kotlin/org/jdom/AttributeList
Event: 1.524 loading class org/jetbrains/kotlin/org/jdom/AttributeList done
Event: 1.525 loading class org/jetbrains/kotlin/org/jdom/AttributeList$1
Event: 1.525 loading class org/jetbrains/kotlin/org/jdom/AttributeList$1 done


Dynamic libraries:
0x00007ff7f3310000 - 0x00007ff7f3341000 	C:\Program Files\Android\Android Studio\jre\jre\bin\java.exe
0x00007ffe82830000 - 0x00007ffe82a25000 	C:\WINDOWS\SYSTEM32\ntdll.dll
0x00007ffe7bb30000 - 0x00007ffe7bb43000 	C:\Program Files\AVG\Antivirus\aswhook.dll
0x00007ffe81c60000 - 0x00007ffe81d1d000 	C:\WINDOWS\System32\KERNEL32.DLL
0x00007ffe80520000 - 0x00007ffe807e8000 	C:\WINDOWS\System32\KERNELBASE.dll
0x00007ffe82740000 - 0x00007ffe827ec000 	C:\WINDOWS\System32\ADVAPI32.dll
0x00007ffe818d0000 - 0x00007ffe8196e000 	C:\WINDOWS\System32\msvcrt.dll
0x00007ffe80d70000 - 0x00007ffe80e0b000 	C:\WINDOWS\System32\sechost.dll
0x00007ffe82310000 - 0x00007ffe8243b000 	C:\WINDOWS\System32\RPCRT4.dll
0x00007ffe81a30000 - 0x00007ffe81bd0000 	C:\WINDOWS\System32\USER32.dll
0x00007ffe804f0000 - 0x00007ffe80512000 	C:\WINDOWS\System32\win32u.dll
0x00007ffe82520000 - 0x00007ffe8254a000 	C:\WINDOWS\System32\GDI32.dll
0x00007ffe7ff70000 - 0x00007ffe8007b000 	C:\WINDOWS\System32\gdi32full.dll
0x00007ffe807f0000 - 0x00007ffe8088d000 	C:\WINDOWS\System32\msvcp_win.dll
0x00007ffe80390000 - 0x00007ffe80490000 	C:\WINDOWS\System32\ucrtbase.dll
0x00007ffe78420000 - 0x00007ffe786ba000 	C:\WINDOWS\WinSxS\amd64_microsoft.windows.common-controls_6595b64144ccf1df_6.0.19041.844_none_ca00b6081b84eb1d\COMCTL32.dll
0x00007ffe822e0000 - 0x00007ffe82310000 	C:\WINDOWS\System32\IMM32.DLL
0x00000000614c0000 - 0x0000000061592000 	C:\Program Files\Android\Android Studio\jre\jre\bin\msvcr100.dll
0x0000000061680000 - 0x0000000061ecb000 	C:\Program Files\Android\Android Studio\jre\jre\bin\server\jvm.dll
0x00007ffe81a20000 - 0x00007ffe81a28000 	C:\WINDOWS\System32\PSAPI.DLL
0x00007ffe719e0000 - 0x00007ffe719e9000 	C:\WINDOWS\SYSTEM32\WSOCK32.dll
0x00007ffe7d200000 - 0x00007ffe7d227000 	C:\WINDOWS\SYSTEM32\WINMM.dll
0x00007ffe7a530000 - 0x00007ffe7a53a000 	C:\WINDOWS\SYSTEM32\VERSION.dll
0x00007ffe82270000 - 0x00007ffe822db000 	C:\WINDOWS\System32\WS2_32.dll
0x00007ffe7bd00000 - 0x00007ffe7bd0f000 	C:\Program Files\Android\Android Studio\jre\jre\bin\verify.dll
0x00007ffe7ba20000 - 0x00007ffe7ba49000 	C:\Program Files\Android\Android Studio\jre\jre\bin\java.dll
0x00007ffe7bce0000 - 0x00007ffe7bcf6000 	C:\Program Files\Android\Android Studio\jre\jre\bin\zip.dll
0x00007ffe81160000 - 0x00007ffe818a2000 	C:\WINDOWS\System32\SHELL32.dll
0x00007ffe7e0e0000 - 0x00007ffe7e870000 	C:\WINDOWS\SYSTEM32\windows.storage.dll
0x00007ffe81d80000 - 0x00007ffe820d5000 	C:\WINDOWS\System32\combase.dll
0x00007ffe7f910000 - 0x00007ffe7f93c000 	C:\WINDOWS\SYSTEM32\Wldp.dll
0x00007ffe82690000 - 0x00007ffe8273e000 	C:\WINDOWS\System32\SHCORE.dll
0x00007ffe80890000 - 0x00007ffe808e5000 	C:\WINDOWS\System32\shlwapi.dll
0x00007ffe7feb0000 - 0x00007ffe7fecf000 	C:\WINDOWS\SYSTEM32\profapi.dll
0x00007ffe78250000 - 0x00007ffe7826a000 	C:\Program Files\Android\Android Studio\jre\jre\bin\net.dll
0x00007ffe7f680000 - 0x00007ffe7f6ea000 	C:\WINDOWS\system32\mswsock.dll
0x00007ffe781f0000 - 0x00007ffe78203000 	C:\Program Files\Android\Android Studio\jre\jre\bin\nio.dll

VM Arguments:
java_command: org.jetbrains.kotlin.cli.jvm.K2JVMCompiler @C:\Users\Eduardo\AndroidStudioProjects\SantanderDevWeek\app\build\20210527_2728483567005112284.compiler.options
java_class_path (initial): C:\Users\Eduardo\.gradle\caches\modules-2\files-2.1\org.jetbrains.kotlin\kotlin-compiler-embeddable\1.4.32\b4fc9be460ca88eecea2303e142ce2920bd14775\kotlin-compiler-embeddable-1.4.32.jar;C:\Users\Eduardo\.gradle\caches\modules-2\files-2.1\org.jetbrains.kotlin\kotlin-reflect\1.4.32\ce852b166d97f0f1991b5130c2bb02e2ef6c554e\kotlin-reflect-1.4.32.jar;C:\Users\Eduardo\.gradle\caches\modules-2\files-2.1\org.jetbrains.kotlin\kotlin-stdlib\1.4.32\461367948840adbb0839c51d91ed74ef4a9ccb52\kotlin-stdlib-1.4.32.jar;C:\Users\Eduardo\.gradle\caches\modules-2\files-2.1\org.jetbrains.kotlin\kotlin-script-runtime\1.4.32\bac50b0748be017dbc13fc1cb7231b1c9da0e106\kotlin-script-runtime-1.4.32.jar;C:\Users\Eduardo\.gradle\caches\modules-2\files-2.1\org.jetbrains.kotlin\kotlin-daemon-embeddable\1.4.32\b40c5de5adea26ebb4e5fc36945c482ac20acee2\kotlin-daemon-embeddable-1.4.32.jar;C:\Users\Eduardo\.gradle\caches\modules-2\files-2.1\org.jetbrains.intellij.deps\trove4j\1.0.20181211\216c2e14b070f334479d800987affe4054cd563f\trove4j-1.0.20181211.jar;C:\Users\Eduardo\.gradle\caches\modules-2\files-2.1\org.jetbrains.kotlin\kotlin-stdlib-common\1.4.32\ef50bfa2c0491a11dcc35d9822edbfd6170e1ea2\kotlin-stdlib-common-1.4.32.jar;C:\Users\Eduardo\.gradle\caches\modules-2\files-2.1\org.jetbrains\annotations\13.0\919f0dfe192fb4e063e7dacadee7f8bb9a2672a9\annotations-13.0.jar;C:\Program Files\Android\Android Studio\jre\lib\tools.jar
Launcher Type: SUN_STANDARD

Environment Variables:
JAVA_HOME=C:\Program Files\Android\Android Studio\jre
PATH=C:\Python39\Scripts\;C:\Python39\;C:\Program Files (x86)\Common Files\Oracle\Java\javapath;C:\Program Files (x86)\NVIDIA Corporation\PhysX\Common;C:\WINDOWS\system32;C:\WINDOWS;C:\WINDOWS\System32\Wbem;C:\WINDOWS\System32\WindowsPowerShell\v1.0\;C:\WINDOWS\System32\OpenSSH\;C:\Program Files\dotnet\;C:\Program Files\Git\cmd;C:\Program Files\Android\Android Studio\jre\bin;C:\Program Files (x86)\dotnet\;C:\Program Files\Microsoft SQL Server\130\Tools\Binn\;C:\Program Files\Microsoft SQL Server\Client SDK\ODBC\170\Tools\Binn\;C:\Program Files\nodejs\;C:\ProgramData\chocolatey\bin;C:\Users\Eduardo\AppData\Local\Microsoft\WindowsApps;C:\Program Files\Java\jdk1.8.0_281\bin;C:\Users\Eduardo\.dotnet\tools;C:\Program Files\JetBrains\IntelliJ IDEA Community Edition 2020.3.2\bin;;C:\Users\Eduardo\AppData\Roaming\npm;C:\Users\Eduardo\AppData\Local\Programs\Microsoft VS Code\bin
USERNAME=Eduardo
OS=Windows_NT
PROCESSOR_IDENTIFIER=Intel64 Family 6 Model 30 Stepping 5, GenuineIntel



---------------  S Y S T E M  ---------------

OS: Windows 10.0 , 64 bit Build 19041 (10.0.19041.928)

CPU:total 8 (initial active 8) (4 cores per cpu, 2 threads per core) family 6 model 30 stepping 5, cmov, cx8, fxsr, mmx, sse, sse2, sse3, ssse3, sse4.1, sse4.2, popcnt, ht, tsc, tscinvbit

Memory: 4k page, physical 8320380k(708136k free), swap 8320380k(5124k free)

vm_info: OpenJDK 64-Bit Server VM (25.242-b01) for windows-amd64 JRE (1.8.0_242-release-1644-b01), built by "builder" with MS VC++ 10.0 (VS2010)

time: Thu May 27 15:11:30 2021
timezone: Hora oficial do Brasil
elapsed time: 1 seconds (0d 0h 0m 1s)

